2024/03/07 18:10:48 NOTICE: bisync is EXPERIMENTAL. Don't use in production!
2024/03/07 18:30:28 NOTICE: bisync is EXPERIMENTAL. Don't use in production!
2024/03/07 18:31:14 NOTICE: Bisync interrupted. Must run --resync to recover.
2024/03/07 18:31:28 NOTICE: bisync is EXPERIMENTAL. Don't use in production!
2024/03/07 18:32:34 NOTICE: Bisync interrupted. Must run --resync to recover.
2024/03/07 18:33:22 NOTICE: bisync is EXPERIMENTAL. Don't use in production!
2024/03/07 18:33:47 NOTICE: Bisync interrupted. Must run --resync to recover.
2024/03/07 18:35:21 NOTICE: bisync is EXPERIMENTAL. Don't use in production!
Usage:
  rclone bisync remote1:path1 remote2:path2 [flags]

Flags:
      --check-access              Ensure expected RCLONE_TEST files are found on both Path1 and Path2 filesystems, else abort.
      --check-filename string     Filename for --check-access (default: RCLONE_TEST)
      --check-sync string         Controls comparison of final listings: true|false|only (default: true) (default "true")
      --create-empty-src-dirs     Sync creation and deletion of empty directories. (Not compatible with --remove-empty-dirs)
      --filters-file string       Read filtering patterns from a file
      --force                     Bypass --max-delete safety check and run the sync. Consider using with --verbose
  -h, --help                      help for bisync
      --ignore-listing-checksum   Do not use checksums for listings (add --ignore-checksum to additionally skip post-copy checksum checks)
      --localtime                 Use local time in listings (default: UTC)
      --no-cleanup                Retain working files (useful for troubleshooting and testing).
      --remove-empty-dirs         Remove ALL empty directories at the final cleanup step.
      --resilient                 Allow future runs to retry after certain less-serious errors, instead of requiring --resync. Use at your own risk!
  -1, --resync                    Performs the resync run. Path1 files may overwrite Path2 versions. Consider using --verbose or --dry-run first.
      --workdir string            Use custom working dir - useful for testing. (default: /home/acerola/.cache/rclone/bisync)


# Copy Flags

Flags for anything which can Copy a file.

      --check-first                                 Do all the checks before starting transfers
  -c, --checksum                                    Check for changes with size & checksum (if available, or fallback to size only).
      --compare-dest stringArray                    Include additional comma separated server-side paths during comparison
      --copy-dest stringArray                       Implies --compare-dest but also copies files from paths into destination
      --cutoff-mode HARD|SOFT|CAUTIOUS              Mode to stop transfers when reaching the max transfer limit HARD|SOFT|CAUTIOUS (default HARD)
      --ignore-case-sync                            Ignore case when synchronizing
      --ignore-checksum                             Skip post copy check of checksums
      --ignore-existing                             Skip all files that exist on destination
      --ignore-size                                 Ignore size when skipping use modtime or checksum
  -I, --ignore-times                                Don't skip files that match size and time - transfer all files
      --immutable                                   Do not modify files, fail if existing files have been modified
      --inplace                                     Download directly to destination file instead of atomic download to temp/rename
      --max-backlog int                             Maximum number of objects in sync or check backlog (default 10000)
      --max-duration Duration                       Maximum duration rclone will transfer data for (default 0s)
      --max-transfer SizeSuffix                     Maximum size of data to transfer (default off)
  -M, --metadata                                    If set, preserve metadata when copying objects
      --modify-window Duration                      Max time diff to be considered the same (default 1ns)
      --multi-thread-chunk-size SizeSuffix          Chunk size for multi-thread downloads / uploads, if not set by filesystem (default 64Mi)
      --multi-thread-cutoff SizeSuffix              Use multi-thread downloads for files above this size (default 256Mi)
      --multi-thread-streams int                    Number of streams to use for multi-thread downloads (default 4)
      --multi-thread-write-buffer-size SizeSuffix   In memory buffer size for writing when in multi-thread mode (default 128Ki)
      --no-check-dest                               Don't check the destination, copy regardless
      --no-traverse                                 Don't traverse destination file system on copy
      --no-update-modtime                           Don't update destination modtime if files identical
      --order-by string                             Instructions on how to order the transfers, e.g. 'size,descending'
      --partial-suffix string                       Add partial-suffix to temporary file name when --inplace is not used (default ".partial")
      --refresh-times                               Refresh the modtime of remote files
      --server-side-across-configs                  Allow server-side operations (e.g. copy) to work across different configs
      --size-only                                   Skip based on size only, not modtime or checksum
      --streaming-upload-cutoff SizeSuffix          Cutoff for switching to chunked upload if file size is unknown, upload starts after reaching cutoff or when file ends (default 100Ki)
  -u, --update                                      Skip files that are newer on the destination

# Important Flags

Important flags useful for most commands.

  -n, --dry-run         Do a trial run with no permanent changes
  -i, --interactive     Enable interactive mode
  -v, --verbose count   Print lots more stuff (repeat for more)

# Filter Flags

Flags for filtering directory listings.

      --delete-excluded                     Delete files on dest excluded from sync
      --exclude stringArray                 Exclude files matching pattern
      --exclude-from stringArray            Read file exclude patterns from file (use - to read from stdin)
      --exclude-if-present stringArray      Exclude directories if filename is present
      --files-from stringArray              Read list of source-file names from file (use - to read from stdin)
      --files-from-raw stringArray          Read list of source-file names from file without any processing of lines (use - to read from stdin)
  -f, --filter stringArray                  Add a file filtering rule
      --filter-from stringArray             Read file filtering patterns from a file (use - to read from stdin)
      --ignore-case                         Ignore case in filters (case insensitive)
      --include stringArray                 Include files matching pattern
      --include-from stringArray            Read file include patterns from file (use - to read from stdin)
      --max-age Duration                    Only transfer files younger than this in s or suffix ms|s|m|h|d|w|M|y (default off)
      --max-depth int                       If set limits the recursion depth to this (default -1)
      --max-size SizeSuffix                 Only transfer files smaller than this in KiB or suffix B|K|M|G|T|P (default off)
      --metadata-exclude stringArray        Exclude metadatas matching pattern
      --metadata-exclude-from stringArray   Read metadata exclude patterns from file (use - to read from stdin)
      --metadata-filter stringArray         Add a metadata filtering rule
      --metadata-filter-from stringArray    Read metadata filtering patterns from a file (use - to read from stdin)
      --metadata-include stringArray        Include metadatas matching pattern
      --metadata-include-from stringArray   Read metadata include patterns from file (use - to read from stdin)
      --min-age Duration                    Only transfer files older than this in s or suffix ms|s|m|h|d|w|M|y (default off)
      --min-size SizeSuffix                 Only transfer files bigger than this in KiB or suffix B|K|M|G|T|P (default off)


Additional help topics:

Use "rclone [command] --help" for more information about a command.
Use "rclone help flags" for to see the global flags.
Use "rclone help backends" for a list of supported services.
Command bisync needs 2 arguments maximum: you provided 4 non flag arguments: ["google:/games/data" "/home/acerola/Games/games/data" "ls" "/home/acerola/Games/games/data"]
2024/03/07 18:49:15 NOTICE: bisync is EXPERIMENTAL. Don't use in production!
2024/03/07 18:49:43 NOTICE: saves/ParaLLEl N64/Banjo-Kazooie (USA).srm: Duplicate object found in source - ignoring
2024/03/08 09:03:05 NOTICE: bisync is EXPERIMENTAL. Don't use in production!
2024/03/08 09:03:08 ERROR : : error listing: directory not found
2024/03/08 09:03:08 NOTICE: Bisync aborted. Please try again.
2024/03/08 09:03:08 Failed to bisync with 2 errors: last error was: directory not found
2024/03/08 09:03:16 NOTICE: bisync is EXPERIMENTAL. Don't use in production!
2024/03/08 09:03:19 ERROR : : error listing: directory not found
2024/03/08 09:03:19 NOTICE: Bisync aborted. Please try again.
2024/03/08 09:03:19 Failed to bisync with 2 errors: last error was: directory not found
2024/03/08 09:06:56 NOTICE: bisync is EXPERIMENTAL. Don't use in production!
2024/03/08 09:06:58 ERROR : : error listing: directory not found
2024/03/08 09:06:58 NOTICE: Bisync aborted. Please try again.
2024/03/08 09:06:58 Failed to bisync with 2 errors: last error was: directory not found
2024/03/08 09:07:52 NOTICE: bisync is EXPERIMENTAL. Don't use in production!
2024/03/08 09:07:54 ERROR : : error listing: directory not found
2024/03/08 09:07:54 NOTICE: Bisync aborted. Please try again.
2024/03/08 09:07:54 Failed to bisync with 2 errors: last error was: directory not found
2024/03/08 09:11:04 NOTICE: bisync is EXPERIMENTAL. Don't use in production!
2024/03/08 09:11:08 NOTICE: saves/ParaLLEl N64/Banjo-Kazooie (USA).srm: Duplicate object found in source - ignoring
2024/03/08 11:06:05 NOTICE: bisync is EXPERIMENTAL. Don't use in production!
2024/03/08 11:06:09 NOTICE: saves/ParaLLEl N64/Banjo-Kazooie (USA).srm: Duplicate object found in source - ignoring
